<?xml version="1.0" encoding="UTF-8"?>
<!-- Generated by org.testng.reporters.JUnitReportReporter -->
<testsuite skipped="0" hostname="GYAN-LAB-PC11" name="TestCases.LoginTestCase" tests="1" failures="0" timestamp="2020-01-06T15:25:34 IST" time="5.078" errors="0">
  <testcase name="chkLoginFunc" time="5.078" classname="TestCases.LoginTestCase"/>
</testsuite> <!-- TestCases.LoginTestCase -->
